Job Started: Mon Jul 25 13:09:56 2016

     ______ __                                      ____ 
    / ____// /_   _____ ____   ____   __  __ _____ / __ \ 
   / /    / __ \ / ___// __ \ / __ \ / / / // ___// / / /
  / /___ / / / // /   / /_/ // / / // /_/ /(__  )/ /_/ / 
  \____//_/ /_//_/    \____//_/ /_/ \__,_//____/ \___\_\ 
                                                         
  
Contributors List:
-------------------------------------------------------------------------------
Name                   Institution                
--------------------------------------------------------
David Williams-Young   University of Washington   
Xiaosong Li            University of Washington   
Edward Valeev          Virginia Tech (Libint/TiledArray)

Feizhi Ding            University of Washington   
Joshua Goings          University of Washington   
Patrick Lestrange      University of Washington   
Hongbin Liu            University of Washington   
Alessio Petrone        University of Washington   
Sajan Silwal           University of Washington   
--------------------------------------------------------

Input File:
-------------------------------------------------------------------------------
[Molecule]
charge = -1
mult = 1
geom:
  Mn 0.0 0.0 0.0
  O  0.915212 0.915212 0.915212 
  O  -0.915212 0.915212 0.915212 
  O  -0.915212 -0.915212 0.915212 
  O  0.915212 -0.915212 -0.915212 

[QM]
reference = Real RHF
job = SCF
basis = 3-21G
ints = direct

[MISC]
nsmp = 1
-------------------------------------------------------------------------------

Molecular Information:
--------------------------------------------------------------------------------
       nAtoms =       5                nElectrons   =      58
       Charge =      -1                Multiplicity =       1
       Nuclear Repulsion =             3.53997e+02 Eh
--------------------------------------------------------------------------------

Cartesian Coordinates (bohr):
--------------------------------------------------------------------------------
              Atom                    X              Y              Z
--------------------------------------------------------------------------------
       1      Mn      25    0.00000e+00    0.00000e+00    0.00000e+00
       2       O       8    1.72950e+00    1.72950e+00    1.72950e+00
       3       O       8   -1.72950e+00    1.72950e+00    1.72950e+00
       4       O       8   -1.72950e+00   -1.72950e+00    1.72950e+00
       5       O       8    1.72950e+00   -1.72950e+00   -1.72950e+00
--------------------------------------------------------------------------------

Basis Set Information:
--------------------------------------------------------------------------------
  Basis Set path: /home/jjradler/chronusq/basis/3-21g.gbs

  nBasis      =  63
  nPrimitive  =  114
  nShell      =  31
  Using Cartesian Functions?: No
--------------------------------------------------------------------------------

Running 2 atomic SCF calculations to form the initial guess

T: 
--------------------------------------------------------------------------------
     1              2              3              4              5              
1     3.09264711e+02-1.11270338e+01 0.00000000e+00 0.00000000e+00 0.00000000e+00
2    -1.11270338e+01 1.49039718e+01 0.00000000e+00 0.00000000e+00 0.00000000e+00
3     0.00000000e+00 0.00000000e+00 5.52970936e+01 0.00000000e+00 0.00000000e+00
4     0.00000000e+00 0.00000000e+00 0.00000000e+00 5.52970936e+01 0.00000000e+00
5     0.00000000e+00 0.00000000e+00 0.00000000e+00 0.00000000e+00 5.52970936e+01
6    -1.69852774e+00-1.19240614e+00 0.00000000e+00 0.00000000e+00 0.00000000e+00
7     0.00000000e+00 0.00000000e+00 3.37165267e+00 0.00000000e+00 0.00000000e+00
8     0.00000000e+00 0.00000000e+00 0.00000000e+00 3.37165267e+00 0.00000000e+00
9     0.00000000e+00 0.00000000e+00 0.00000000e+00 0.00000000e+00 3.37165267e+00
10   -2.70636044e-02-1.67081742e-01 0.00000000e+00 0.00000000e+00 0.00000000e+00
11    0.00000000e+00 0.00000000e+00 5.32905359e-03 0.00000000e+00 0.00000000e+00
12    0.00000000e+00 0.00000000e+00 0.00000000e+00 5.32905359e-03 0.00000000e+00
13    0.00000000e+00 0.00000000e+00 0.00000000e+00 0.00000000e+00 5.32905359e-03
14    5.57932910e-04 4.24269362e-03 0.00000000e+00 0.00000000e+00 0.00000000e+00
15    0.00000000e+00 0.00000000e+00 5.35171131e-04 0.00000000e+00 0.00000000e+00
16    0.00000000e+00 0.00000000e+00 0.00000000e+00 5.35171131e-04 0.00000000e+00
17    0.00000000e+00 0.00000000e+00 0.00000000e+00 0.00000000e+00 5.35171131e-04
18    0.00000000e+00 0.00000000e+00 0.00000000e+00 0.00000000e+00 0.00000000e+00
19    0.00000000e+00 0.00000000e+00 0.00000000e+00 0.00000000e+00 0.00000000e+00
20    0.00000000e+00 0.00000000e+00 0.00000000e+00 0.00000000e+00 0.00000000e+00
21    0.00000000e+00 0.00000000e+00 0.00000000e+00 0.00000000e+00 0.00000000e+00
22    0.00000000e+00 0.00000000e+00 0.00000000e+00 0.00000000e+00 0.00000000e+00
23    0.00000000e+00 0.00000000e+00 0.00000000e+00 0.00000000e+00 0.00000000e+00
24    0.00000000e+00 0.00000000e+00 0.00000000e+00 0.00000000e+00 0.00000000e+00
25    0.00000000e+00 0.00000000e+00 0.00000000e+00 0.00000000e+00 0.00000000e+00
26    0.00000000e+00 0.00000000e+00 0.00000000e+00 0.00000000e+00 0.00000000e+00
27    0.00000000e+00 0.00000000e+00 0.00000000e+00 0.00000000e+00 0.00000000e+00

                   6              7              8              9             10
1    -1.69852774e+00 0.00000000e+00 0.00000000e+00 0.00000000e+00-2.70636044e-02
2    -1.19240614e+00 0.00000000e+00 0.00000000e+00 0.00000000e+00-1.67081742e-01
3     0.00000000e+00 3.37165267e+00 0.00000000e+00 0.00000000e+00 0.00000000e+00
4     0.00000000e+00 0.00000000e+00 3.37165267e+00 0.00000000e+00 0.00000000e+00
5     0.00000000e+00 0.00000000e+00 0.00000000e+00 3.37165267e+00 0.00000000e+00
6     1.93354150e+00 0.00000000e+00 0.00000000e+00 0.00000000e+00-1.72263979e-01
7     0.00000000e+00 3.84656721e+00 0.00000000e+00 0.00000000e+00 0.00000000e+00
8     0.00000000e+00 0.00000000e+00 3.84656721e+00 0.00000000e+00 0.00000000e+00
9     0.00000000e+00 0.00000000e+00 0.00000000e+00 3.84656721e+00 0.00000000e+00
10   -1.72263979e-01 0.00000000e+00 0.00000000e+00 0.00000000e+00 1.65147345e-01
11    0.00000000e+00 8.21800111e-02 0.00000000e+00 0.00000000e+00 0.00000000e+00
12    0.00000000e+00 0.00000000e+00 8.21800111e-02 0.00000000e+00 0.00000000e+00
13    0.00000000e+00 0.00000000e+00 0.00000000e+00 8.21800111e-02 0.00000000e+00
14    2.06912182e-02 0.00000000e+00 0.00000000e+00 0.00000000e+00 6.08571521e-02
15    0.00000000e+00 9.99296546e-03 0.00000000e+00 0.00000000e+00 0.00000000e+00
16    0.00000000e+00 0.00000000e+00 9.99296546e-03 0.00000000e+00 0.00000000e+00
17    0.00000000e+00 0.00000000e+00 0.00000000e+00 9.99296546e-03 0.00000000e+00
18    0.00000000e+00 0.00000000e+00 0.00000000e+00 0.00000000e+00 0.00000000e+00
19    0.00000000e+00 0.00000000e+00 0.00000000e+00 0.00000000e+00 0.00000000e+00
20    0.00000000e+00 0.00000000e+00 0.00000000e+00 0.00000000e+00 0.00000000e+00
21    0.00000000e+00 0.00000000e+00 0.00000000e+00 0.00000000e+00 0.00000000e+00
22    0.00000000e+00 0.00000000e+00 0.00000000e+00 0.00000000e+00 0.00000000e+00
23    0.00000000e+00 0.00000000e+00 0.00000000e+00 0.00000000e+00 0.00000000e+00
24    0.00000000e+00 0.00000000e+00 0.00000000e+00 0.00000000e+00 0.00000000e+00
25    0.00000000e+00 0.00000000e+00 0.00000000e+00 0.00000000e+00 0.00000000e+00
26    0.00000000e+00 0.00000000e+00 0.00000000e+00 0.00000000e+00 0.00000000e+00
27    0.00000000e+00 0.00000000e+00 0.00000000e+00 0.00000000e+00 0.00000000e+00

                  11             12             13             14             15
1     0.00000000e+00 0.00000000e+00 0.00000000e+00 5.57932910e-04 0.00000000e+00
2     0.00000000e+00 0.00000000e+00 0.00000000e+00 4.24269362e-03 0.00000000e+00
3     5.32905359e-03 0.00000000e+00 0.00000000e+00 0.00000000e+00 5.35171131e-04
4     0.00000000e+00 5.32905359e-03 0.00000000e+00 0.00000000e+00 0.00000000e+00
5     0.00000000e+00 0.00000000e+00 5.32905359e-03 0.00000000e+00 0.00000000e+00
6     0.00000000e+00 0.00000000e+00 0.00000000e+00 2.06912182e-02 0.00000000e+00
7     8.21800111e-02 0.00000000e+00 0.00000000e+00 0.00000000e+00 9.99296546e-03
8     0.00000000e+00 8.21800111e-02 0.00000000e+00 0.00000000e+00 0.00000000e+00
9     0.00000000e+00 0.00000000e+00 8.21800111e-02 0.00000000e+00 0.00000000e+00
10    0.00000000e+00 0.00000000e+00 0.00000000e+00 6.08571521e-02 0.00000000e+00
11    2.30096151e-01 0.00000000e+00 0.00000000e+00 0.00000000e+00 8.95532432e-02
12    0.00000000e+00 2.30096151e-01 0.00000000e+00 0.00000000e+00 0.00000000e+00
13    0.00000000e+00 0.00000000e+00 2.30096151e-01 0.00000000e+00 0.00000000e+00
14    0.00000000e+00 0.00000000e+00 0.00000000e+00 4.98975000e-02 0.00000000e+00
15    8.95532432e-02 0.00000000e+00 0.00000000e+00 0.00000000e+00 8.31625000e-02
16    0.00000000e+00 8.95532432e-02 0.00000000e+00 0.00000000e+00 0.00000000e+00
17    0.00000000e+00 0.00000000e+00 8.95532432e-02 0.00000000e+00 0.00000000e+00
18    0.00000000e+00 0.00000000e+00 0.00000000e+00 0.00000000e+00 0.00000000e+00
19    0.00000000e+00 0.00000000e+00 0.00000000e+00 0.00000000e+00 0.00000000e+00
20    0.00000000e+00 0.00000000e+00 0.00000000e+00 0.00000000e+00 0.00000000e+00
21    0.00000000e+00 0.00000000e+00 0.00000000e+00 0.00000000e+00 0.00000000e+00
22    0.00000000e+00 0.00000000e+00 0.00000000e+00 0.00000000e+00 0.00000000e+00
23    0.00000000e+00 0.00000000e+00 0.00000000e+00 0.00000000e+00 0.00000000e+00
24    0.00000000e+00 0.00000000e+00 0.00000000e+00 0.00000000e+00 0.00000000e+00
25    0.00000000e+00 0.00000000e+00 0.00000000e+00 0.00000000e+00 0.00000000e+00
26    0.00000000e+00 0.00000000e+00 0.00000000e+00 0.00000000e+00 0.00000000e+00
27    0.00000000e+00 0.00000000e+00 0.00000000e+00 0.00000000e+00 0.00000000e+00

                  16             17             18             19             20
1     0.00000000e+00 0.00000000e+00 0.00000000e+00 0.00000000e+00 0.00000000e+00
2     0.00000000e+00 0.00000000e+00 0.00000000e+00 0.00000000e+00 0.00000000e+00
3     0.00000000e+00 0.00000000e+00 0.00000000e+00 0.00000000e+00 0.00000000e+00
4     5.35171131e-04 0.00000000e+00 0.00000000e+00 0.00000000e+00 0.00000000e+00
5     0.00000000e+00 5.35171131e-04 0.00000000e+00 0.00000000e+00 0.00000000e+00
6     0.00000000e+00 0.00000000e+00 0.00000000e+00 0.00000000e+00 0.00000000e+00
7     0.00000000e+00 0.00000000e+00 0.00000000e+00 0.00000000e+00 0.00000000e+00
8     9.99296546e-03 0.00000000e+00 0.00000000e+00 0.00000000e+00 0.00000000e+00
9     0.00000000e+00 9.99296546e-03 0.00000000e+00 0.00000000e+00 0.00000000e+00
10    0.00000000e+00 0.00000000e+00 0.00000000e+00 0.00000000e+00 0.00000000e+00
11    0.00000000e+00 0.00000000e+00 0.00000000e+00 0.00000000e+00 0.00000000e+00
12    8.95532432e-02 0.00000000e+00 0.00000000e+00 0.00000000e+00 0.00000000e+00
13    0.00000000e+00 8.95532432e-02 0.00000000e+00 0.00000000e+00 0.00000000e+00
14    0.00000000e+00 0.00000000e+00 0.00000000e+00 0.00000000e+00 0.00000000e+00
15    0.00000000e+00 0.00000000e+00 0.00000000e+00 0.00000000e+00 0.00000000e+00
16    8.31625000e-02 0.00000000e+00 0.00000000e+00 0.00000000e+00 0.00000000e+00
17    0.00000000e+00 8.31625000e-02 0.00000000e+00 0.00000000e+00 0.00000000e+00
18    0.00000000e+00 0.00000000e+00 1.27896218e+01 0.00000000e+00 0.00000000e+00
19    0.00000000e+00 0.00000000e+00 0.00000000e+00 1.27896218e+01 0.00000000e+00
20    0.00000000e+00 0.00000000e+00 0.00000000e+00 0.00000000e+00 1.27896218e+01
21    0.00000000e+00 0.00000000e+00 0.00000000e+00 0.00000000e+00 0.00000000e+00
22    0.00000000e+00 0.00000000e+00 0.00000000e+00 0.00000000e+00 0.00000000e+00
23    0.00000000e+00 0.00000000e+00 1.51365290e+00 0.00000000e+00 0.00000000e+00
24    0.00000000e+00 0.00000000e+00 0.00000000e+00 1.51365290e+00 0.00000000e+00
25    0.00000000e+00 0.00000000e+00 0.00000000e+00 0.00000000e+00 1.51365290e+00
26    0.00000000e+00 0.00000000e+00 0.00000000e+00 0.00000000e+00 0.00000000e+00
27    0.00000000e+00 0.00000000e+00 0.00000000e+00 0.00000000e+00 0.00000000e+00

                  21             22             23             24             25
1     0.00000000e+00 0.00000000e+00 0.00000000e+00 0.00000000e+00 0.00000000e+00
2     0.00000000e+00 0.00000000e+00 0.00000000e+00 0.00000000e+00 0.00000000e+00
3     0.00000000e+00 0.00000000e+00 0.00000000e+00 0.00000000e+00 0.00000000e+00
4     0.00000000e+00 0.00000000e+00 0.00000000e+00 0.00000000e+00 0.00000000e+00
5     0.00000000e+00 0.00000000e+00 0.00000000e+00 0.00000000e+00 0.00000000e+00
6     0.00000000e+00 0.00000000e+00 0.00000000e+00 0.00000000e+00 0.00000000e+00
7     0.00000000e+00 0.00000000e+00 0.00000000e+00 0.00000000e+00 0.00000000e+00
8     0.00000000e+00 0.00000000e+00 0.00000000e+00 0.00000000e+00 0.00000000e+00
9     0.00000000e+00 0.00000000e+00 0.00000000e+00 0.00000000e+00 0.00000000e+00
10    0.00000000e+00 0.00000000e+00 0.00000000e+00 0.00000000e+00 0.00000000e+00
11    0.00000000e+00 0.00000000e+00 0.00000000e+00 0.00000000e+00 0.00000000e+00
12    0.00000000e+00 0.00000000e+00 0.00000000e+00 0.00000000e+00 0.00000000e+00
13    0.00000000e+00 0.00000000e+00 0.00000000e+00 0.00000000e+00 0.00000000e+00
14    0.00000000e+00 0.00000000e+00 0.00000000e+00 0.00000000e+00 0.00000000e+00
15    0.00000000e+00 0.00000000e+00 0.00000000e+00 0.00000000e+00 0.00000000e+00
16    0.00000000e+00 0.00000000e+00 0.00000000e+00 0.00000000e+00 0.00000000e+00
17    0.00000000e+00 0.00000000e+00 0.00000000e+00 0.00000000e+00 0.00000000e+00
18    0.00000000e+00 0.00000000e+00 1.51365290e+00 0.00000000e+00 0.00000000e+00
19    0.00000000e+00 0.00000000e+00 0.00000000e+00 1.51365290e+00 0.00000000e+00
20    0.00000000e+00 0.00000000e+00 0.00000000e+00 0.00000000e+00 1.51365290e+00
21    1.27896218e+01 0.00000000e+00 0.00000000e+00 0.00000000e+00 0.00000000e+00
22    0.00000000e+00 1.27896218e+01 0.00000000e+00 0.00000000e+00 0.00000000e+00
23    0.00000000e+00 0.00000000e+00 2.33978150e+00 0.00000000e+00 0.00000000e+00
24    0.00000000e+00 0.00000000e+00 0.00000000e+00 2.33978150e+00 0.00000000e+00
25    0.00000000e+00 0.00000000e+00 0.00000000e+00 0.00000000e+00 2.33978150e+00
26    1.51365290e+00 0.00000000e+00 0.00000000e+00 0.00000000e+00 0.00000000e+00
27    0.00000000e+00 1.51365290e+00 0.00000000e+00 0.00000000e+00 0.00000000e+00

                  26             27
1     0.00000000e+00 0.00000000e+00
2     0.00000000e+00 0.00000000e+00
3     0.00000000e+00 0.00000000e+00
4     0.00000000e+00 0.00000000e+00
5     0.00000000e+00 0.00000000e+00
6     0.00000000e+00 0.00000000e+00
7     0.00000000e+00 0.00000000e+00
8     0.00000000e+00 0.00000000e+00
9     0.00000000e+00 0.00000000e+00
10    0.00000000e+00 0.00000000e+00
11    0.00000000e+00 0.00000000e+00
12    0.00000000e+00 0.00000000e+00
13    0.00000000e+00 0.00000000e+00
14    0.00000000e+00 0.00000000e+00
15    0.00000000e+00 0.00000000e+00
16    0.00000000e+00 0.00000000e+00
17    0.00000000e+00 0.00000000e+00
18    0.00000000e+00 0.00000000e+00
19    0.00000000e+00 0.00000000e+00
20    0.00000000e+00 0.00000000e+00
21    1.51365290e+00 0.00000000e+00
22    0.00000000e+00 1.51365290e+00
23    0.00000000e+00 0.00000000e+00
24    0.00000000e+00 0.00000000e+00
25    0.00000000e+00 0.00000000e+00
26    2.33978150e+00 0.00000000e+00
27    0.00000000e+00 2.33978150e+00
--------------------------------------------------------------------------------

V: 
--------------------------------------------------------------------------------
     1              2              3              4              5              
1    -6.19822630e+02-7.86279384e+01 0.00000000e+00 0.00000000e+00 0.00000000e+00
2    -7.86279384e+01-1.11696358e+02 0.00000000e+00 0.00000000e+00 0.00000000e+00
3     0.00000000e+00 0.00000000e+00-1.31131439e+02 0.00000000e+00 0.00000000e+00
4     0.00000000e+00 0.00000000e+00 0.00000000e+00-1.31131439e+02 0.00000000e+00
5     0.00000000e+00 0.00000000e+00 0.00000000e+00 0.00000000e+00-1.31131439e+02
6    -2.86340432e+00-2.41262956e+01 0.00000000e+00 0.00000000e+00 0.00000000e+00
7     0.00000000e+00 0.00000000e+00-2.57018082e+01 0.00000000e+00 0.00000000e+00
8     0.00000000e+00 0.00000000e+00 0.00000000e+00-2.57018082e+01 0.00000000e+00
9     0.00000000e+00 0.00000000e+00 0.00000000e+00 0.00000000e+00-2.57018082e+01
10    1.28130330e-01-3.28222149e-01 0.00000000e+00 0.00000000e+00 0.00000000e+00
11    0.00000000e+00 0.00000000e+00-7.57227406e-01 0.00000000e+00 0.00000000e+00
12    0.00000000e+00 0.00000000e+00 0.00000000e+00-7.57227406e-01 0.00000000e+00
13    0.00000000e+00 0.00000000e+00 0.00000000e+00 0.00000000e+00-7.57227406e-01
14   -1.89529995e+00-3.51751245e+00 0.00000000e+00 0.00000000e+00 0.00000000e+00
15    0.00000000e+00 0.00000000e+00-2.13592454e-01 0.00000000e+00 0.00000000e+00
16    0.00000000e+00 0.00000000e+00 0.00000000e+00-2.13592454e-01 0.00000000e+00
17    0.00000000e+00 0.00000000e+00 0.00000000e+00 0.00000000e+00-2.13592454e-01
18    0.00000000e+00 0.00000000e+00 0.00000000e+00 0.00000000e+00 0.00000000e+00
19    0.00000000e+00 0.00000000e+00 0.00000000e+00 0.00000000e+00 0.00000000e+00
20    0.00000000e+00 0.00000000e+00 0.00000000e+00 0.00000000e+00 0.00000000e+00
21    0.00000000e+00 0.00000000e+00 0.00000000e+00 0.00000000e+00 0.00000000e+00
22    0.00000000e+00 0.00000000e+00 0.00000000e+00 0.00000000e+00 0.00000000e+00
23    0.00000000e+00 0.00000000e+00 0.00000000e+00 0.00000000e+00 0.00000000e+00
24    0.00000000e+00 0.00000000e+00 0.00000000e+00 0.00000000e+00 0.00000000e+00
25    0.00000000e+00 0.00000000e+00 0.00000000e+00 0.00000000e+00 0.00000000e+00
26    0.00000000e+00 0.00000000e+00 0.00000000e+00 0.00000000e+00 0.00000000e+00
27    0.00000000e+00 0.00000000e+00 0.00000000e+00 0.00000000e+00 0.00000000e+00

                   6              7              8              9             10
1    -2.86340432e+00 0.00000000e+00 0.00000000e+00 0.00000000e+00 1.28130330e-01
2    -2.41262956e+01 0.00000000e+00 0.00000000e+00 0.00000000e+00-3.28222149e-01
3     0.00000000e+00-2.57018082e+01 0.00000000e+00 0.00000000e+00 0.00000000e+00
4     0.00000000e+00 0.00000000e+00-2.57018082e+01 0.00000000e+00 0.00000000e+00
5     0.00000000e+00 0.00000000e+00 0.00000000e+00-2.57018082e+01 0.00000000e+00
6    -3.53041381e+01 0.00000000e+00 0.00000000e+00 0.00000000e+00-4.96774803e+00
7     0.00000000e+00-3.43718975e+01 0.00000000e+00 0.00000000e+00 0.00000000e+00
8     0.00000000e+00 0.00000000e+00-3.43718975e+01 0.00000000e+00 0.00000000e+00
9     0.00000000e+00 0.00000000e+00 0.00000000e+00-3.43718975e+01 0.00000000e+00
10   -4.96774803e+00 0.00000000e+00 0.00000000e+00 0.00000000e+00-9.88024089e+00
11    0.00000000e+00-4.07683048e+00 0.00000000e+00 0.00000000e+00 0.00000000e+00
12    0.00000000e+00 0.00000000e+00-4.07683048e+00 0.00000000e+00 0.00000000e+00
13    0.00000000e+00 0.00000000e+00 0.00000000e+00-4.07683048e+00 0.00000000e+00
14   -5.79867412e+00 0.00000000e+00 0.00000000e+00 0.00000000e+00-7.58202933e+00
15    0.00000000e+00-1.26241078e+00 0.00000000e+00 0.00000000e+00 0.00000000e+00
16    0.00000000e+00 0.00000000e+00-1.26241078e+00 0.00000000e+00 0.00000000e+00
17    0.00000000e+00 0.00000000e+00 0.00000000e+00-1.26241078e+00 0.00000000e+00
18    0.00000000e+00 0.00000000e+00 0.00000000e+00 0.00000000e+00 0.00000000e+00
19    0.00000000e+00 0.00000000e+00 0.00000000e+00 0.00000000e+00 0.00000000e+00
20    0.00000000e+00 0.00000000e+00 0.00000000e+00 0.00000000e+00 0.00000000e+00
21    0.00000000e+00 0.00000000e+00 0.00000000e+00 0.00000000e+00 0.00000000e+00
22    0.00000000e+00 0.00000000e+00 0.00000000e+00 0.00000000e+00 0.00000000e+00
23    0.00000000e+00 0.00000000e+00 0.00000000e+00 0.00000000e+00 0.00000000e+00
24    0.00000000e+00 0.00000000e+00 0.00000000e+00 0.00000000e+00 0.00000000e+00
25    0.00000000e+00 0.00000000e+00 0.00000000e+00 0.00000000e+00 0.00000000e+00
26    0.00000000e+00 0.00000000e+00 0.00000000e+00 0.00000000e+00 0.00000000e+00
27    0.00000000e+00 0.00000000e+00 0.00000000e+00 0.00000000e+00 0.00000000e+00

                  11             12             13             14             15
1     0.00000000e+00 0.00000000e+00 0.00000000e+00-1.89529995e+00 0.00000000e+00
2     0.00000000e+00 0.00000000e+00 0.00000000e+00-3.51751245e+00 0.00000000e+00
3    -7.57227406e-01 0.00000000e+00 0.00000000e+00 0.00000000e+00-2.13592454e-01
4     0.00000000e+00-7.57227406e-01 0.00000000e+00 0.00000000e+00 0.00000000e+00
5     0.00000000e+00 0.00000000e+00-7.57227406e-01 0.00000000e+00 0.00000000e+00
6     0.00000000e+00 0.00000000e+00 0.00000000e+00-5.79867412e+00 0.00000000e+00
7    -4.07683048e+00 0.00000000e+00 0.00000000e+00 0.00000000e+00-1.26241078e+00
8     0.00000000e+00-4.07683048e+00 0.00000000e+00 0.00000000e+00 0.00000000e+00
9     0.00000000e+00 0.00000000e+00-4.07683048e+00 0.00000000e+00 0.00000000e+00
10    0.00000000e+00 0.00000000e+00 0.00000000e+00-7.58202933e+00 0.00000000e+00
11   -8.06984484e+00 0.00000000e+00 0.00000000e+00 0.00000000e+00-4.87998895e+00
12    0.00000000e+00-8.06984484e+00 0.00000000e+00 0.00000000e+00 0.00000000e+00
13    0.00000000e+00 0.00000000e+00-8.06984484e+00 0.00000000e+00 0.00000000e+00
14    0.00000000e+00 0.00000000e+00 0.00000000e+00-7.27618663e+00 0.00000000e+00
15   -4.87998895e+00 0.00000000e+00 0.00000000e+00 0.00000000e+00-4.85079108e+00
16    0.00000000e+00-4.87998895e+00 0.00000000e+00 0.00000000e+00 0.00000000e+00
17    0.00000000e+00 0.00000000e+00-4.87998895e+00 0.00000000e+00 0.00000000e+00
18    0.00000000e+00 0.00000000e+00 0.00000000e+00 0.00000000e+00 0.00000000e+00
19    0.00000000e+00 0.00000000e+00 0.00000000e+00 0.00000000e+00 0.00000000e+00
20    0.00000000e+00 0.00000000e+00 0.00000000e+00 0.00000000e+00 0.00000000e+00
21    0.00000000e+00 0.00000000e+00 0.00000000e+00 0.00000000e+00 0.00000000e+00
22    0.00000000e+00 0.00000000e+00 0.00000000e+00 0.00000000e+00 0.00000000e+00
23    0.00000000e+00 0.00000000e+00 0.00000000e+00 0.00000000e+00 0.00000000e+00
24    0.00000000e+00 0.00000000e+00 0.00000000e+00 0.00000000e+00 0.00000000e+00
25    0.00000000e+00 0.00000000e+00 0.00000000e+00 0.00000000e+00 0.00000000e+00
26    0.00000000e+00 0.00000000e+00 0.00000000e+00 0.00000000e+00 0.00000000e+00
27    0.00000000e+00 0.00000000e+00 0.00000000e+00 0.00000000e+00 0.00000000e+00

                  16             17             18             19             20
1     0.00000000e+00 0.00000000e+00 0.00000000e+00 0.00000000e+00 0.00000000e+00
2     0.00000000e+00 0.00000000e+00 0.00000000e+00 0.00000000e+00 0.00000000e+00
3     0.00000000e+00 0.00000000e+00 0.00000000e+00 0.00000000e+00 0.00000000e+00
4    -2.13592454e-01 0.00000000e+00 0.00000000e+00 0.00000000e+00 0.00000000e+00
5     0.00000000e+00-2.13592454e-01 0.00000000e+00 0.00000000e+00 0.00000000e+00
6     0.00000000e+00 0.00000000e+00 0.00000000e+00 0.00000000e+00 0.00000000e+00
7     0.00000000e+00 0.00000000e+00 0.00000000e+00 0.00000000e+00 0.00000000e+00
8    -1.26241078e+00 0.00000000e+00 0.00000000e+00 0.00000000e+00 0.00000000e+00
9     0.00000000e+00-1.26241078e+00 0.00000000e+00 0.00000000e+00 0.00000000e+00
10    0.00000000e+00 0.00000000e+00 0.00000000e+00 0.00000000e+00 0.00000000e+00
11    0.00000000e+00 0.00000000e+00 0.00000000e+00 0.00000000e+00 0.00000000e+00
12   -4.87998895e+00 0.00000000e+00 0.00000000e+00 0.00000000e+00 0.00000000e+00
13    0.00000000e+00-4.87998895e+00 0.00000000e+00 0.00000000e+00 0.00000000e+00
14    0.00000000e+00 0.00000000e+00 0.00000000e+00 0.00000000e+00 0.00000000e+00
15    0.00000000e+00 0.00000000e+00 0.00000000e+00 0.00000000e+00 0.00000000e+00
16   -4.85079108e+00 0.00000000e+00 0.00000000e+00 0.00000000e+00 0.00000000e+00
17    0.00000000e+00-4.85079108e+00 0.00000000e+00 0.00000000e+00 0.00000000e+00
18    0.00000000e+00 0.00000000e+00-4.18972759e+01 0.00000000e+00 0.00000000e+00
19    0.00000000e+00 0.00000000e+00 0.00000000e+00-4.18972759e+01 0.00000000e+00
20    0.00000000e+00 0.00000000e+00 0.00000000e+00 0.00000000e+00-4.18972759e+01
21    0.00000000e+00 0.00000000e+00 0.00000000e+00 0.00000000e+00 0.00000000e+00
22    0.00000000e+00 0.00000000e+00 0.00000000e+00 0.00000000e+00 0.00000000e+00
23    0.00000000e+00 0.00000000e+00-1.15102216e+01 0.00000000e+00 0.00000000e+00
24    0.00000000e+00 0.00000000e+00 0.00000000e+00-1.15102216e+01 0.00000000e+00
25    0.00000000e+00 0.00000000e+00 0.00000000e+00 0.00000000e+00-1.15102216e+01
26    0.00000000e+00 0.00000000e+00 0.00000000e+00 0.00000000e+00 0.00000000e+00
27    0.00000000e+00 0.00000000e+00 0.00000000e+00 0.00000000e+00 0.00000000e+00

                  21             22             23             24             25
1     0.00000000e+00 0.00000000e+00 0.00000000e+00 0.00000000e+00 0.00000000e+00
2     0.00000000e+00 0.00000000e+00 0.00000000e+00 0.00000000e+00 0.00000000e+00
3     0.00000000e+00 0.00000000e+00 0.00000000e+00 0.00000000e+00 0.00000000e+00
4     0.00000000e+00 0.00000000e+00 0.00000000e+00 0.00000000e+00 0.00000000e+00
5     0.00000000e+00 0.00000000e+00 0.00000000e+00 0.00000000e+00 0.00000000e+00
6     0.00000000e+00 0.00000000e+00 0.00000000e+00 0.00000000e+00 0.00000000e+00
7     0.00000000e+00 0.00000000e+00 0.00000000e+00 0.00000000e+00 0.00000000e+00
8     0.00000000e+00 0.00000000e+00 0.00000000e+00 0.00000000e+00 0.00000000e+00
9     0.00000000e+00 0.00000000e+00 0.00000000e+00 0.00000000e+00 0.00000000e+00
10    0.00000000e+00 0.00000000e+00 0.00000000e+00 0.00000000e+00 0.00000000e+00
11    0.00000000e+00 0.00000000e+00 0.00000000e+00 0.00000000e+00 0.00000000e+00
12    0.00000000e+00 0.00000000e+00 0.00000000e+00 0.00000000e+00 0.00000000e+00
13    0.00000000e+00 0.00000000e+00 0.00000000e+00 0.00000000e+00 0.00000000e+00
14    0.00000000e+00 0.00000000e+00 0.00000000e+00 0.00000000e+00 0.00000000e+00
15    0.00000000e+00 0.00000000e+00 0.00000000e+00 0.00000000e+00 0.00000000e+00
16    0.00000000e+00 0.00000000e+00 0.00000000e+00 0.00000000e+00 0.00000000e+00
17    0.00000000e+00 0.00000000e+00 0.00000000e+00 0.00000000e+00 0.00000000e+00
18    0.00000000e+00 0.00000000e+00-1.15102216e+01 0.00000000e+00 0.00000000e+00
19    0.00000000e+00 0.00000000e+00 0.00000000e+00-1.15102216e+01 0.00000000e+00
20    0.00000000e+00 0.00000000e+00 0.00000000e+00 0.00000000e+00-1.15102216e+01
21   -4.18972759e+01 0.00000000e+00 0.00000000e+00 0.00000000e+00 0.00000000e+00
22    0.00000000e+00-4.18972759e+01 0.00000000e+00 0.00000000e+00 0.00000000e+00
23    0.00000000e+00 0.00000000e+00-1.73965217e+01 0.00000000e+00 0.00000000e+00
24    0.00000000e+00 0.00000000e+00 0.00000000e+00-1.73965217e+01 0.00000000e+00
25    0.00000000e+00 0.00000000e+00 0.00000000e+00 0.00000000e+00-1.73965217e+01
26   -1.15102216e+01 0.00000000e+00 0.00000000e+00 0.00000000e+00 0.00000000e+00
27    0.00000000e+00-1.15102216e+01 0.00000000e+00 0.00000000e+00 0.00000000e+00

                  26             27
1     0.00000000e+00 0.00000000e+00
2     0.00000000e+00 0.00000000e+00
3     0.00000000e+00 0.00000000e+00
4     0.00000000e+00 0.00000000e+00
5     0.00000000e+00 0.00000000e+00
6     0.00000000e+00 0.00000000e+00
7     0.00000000e+00 0.00000000e+00
8     0.00000000e+00 0.00000000e+00
9     0.00000000e+00 0.00000000e+00
10    0.00000000e+00 0.00000000e+00
11    0.00000000e+00 0.00000000e+00
12    0.00000000e+00 0.00000000e+00
13    0.00000000e+00 0.00000000e+00
14    0.00000000e+00 0.00000000e+00
15    0.00000000e+00 0.00000000e+00
16    0.00000000e+00 0.00000000e+00
17    0.00000000e+00 0.00000000e+00
18    0.00000000e+00 0.00000000e+00
19    0.00000000e+00 0.00000000e+00
20    0.00000000e+00 0.00000000e+00
21   -1.15102216e+01 0.00000000e+00
22    0.00000000e+00-1.15102216e+01
23    0.00000000e+00 0.00000000e+00
24    0.00000000e+00 0.00000000e+00
25    0.00000000e+00 0.00000000e+00
26   -1.73965217e+01 0.00000000e+00
27    0.00000000e+00-1.73965217e+01
--------------------------------------------------------------------------------
SCF Failed to converge within maximum number of iterations
Job terminated: Mon Jul 25 13:10:01 2016

